<?xml version="1.0" encoding="UTF-8"?>
<!-- Generated by org.testng.reporters.JUnitReportReporter -->
<testsuite hostname="HYDL-001259A" failures="0" tests="1" name="restassured.gorestapi.client.CreateUser" time="0.725" errors="0" timestamp="2025-07-29T12:25:13 IST" skipped="0">
  <testcase classname="restassured.gorestapi.client.CreateUser" name="creatNewUser" time="0.725"/>
</testsuite> <!-- restassured.gorestapi.client.CreateUser -->
