<?xml version="1.0" encoding="UTF-8"?>
<!-- Generated by org.testng.reporters.JUnitReportReporter -->
<testsuite hostname="HYDL-001259A" failures="0" tests="1" name="restassured.gorestapi.client.CreateUser" time="1.049" errors="0" timestamp="2025-07-29T11:18:35 IST" skipped="0">
  <testcase classname="restassured.gorestapi.client.CreateUser" name="creatNewUser" time="1.049"/>
</testsuite> <!-- restassured.gorestapi.client.CreateUser -->
