<?xml version="1.0" encoding="UTF-8"?>
<!-- Generated by org.testng.reporters.JUnitReportReporter -->
<testsuite hostname="HYDL-001259A" failures="0" tests="1" name="restassured.gorestapi.client.CreateUser" time="2.338" errors="0" timestamp="2025-07-24T18:01:32 IST" skipped="0">
  <testcase classname="restassured.gorestapi.client.CreateUser" name="creatNewUser" time="2.338"/>
</testsuite> <!-- restassured.gorestapi.client.CreateUser -->
